[13.08.2014 12:53:57] ==== Начало шифрования файлов ====================
[13.08.2014 12:53:57] SBC210702734_263520140808_222500041400028048_200.xml зашифрован.
[13.08.2014 12:53:57] ==== Конец шифрования файлов ====================
[13.08.2014 12:53:57] Всего обработанных файлов:	1
[13.08.2014 12:54:05] ==== Начало шифрования файлов ====================
[13.08.2014 12:54:05] SFC010702734_263520140808_222500041400028408_700.xml зашифрован.
[13.08.2014 12:54:05] SFC010702734_263520140808_222500041400028409_700.xml зашифрован.
[13.08.2014 12:54:05] SFC010702734_263520140808_222500041400028410_700.xml зашифрован.
[13.08.2014 12:54:05] ==== Конец шифрования файлов ====================
[13.08.2014 12:54:05] Всего обработанных файлов:	3
[13.08.2014 17:18:49] ==== Начало шифрования файлов ====================
[13.08.2014 17:18:49] SBC210702734_263520140808_222500041400028048_200.xml зашифрован.
[13.08.2014 17:18:49] ==== Конец шифрования файлов ====================
[13.08.2014 17:18:49] Всего обработанных файлов:	1
[13.08.2014 17:18:56] ==== Начало шифрования файлов ====================
[13.08.2014 17:18:56] SFC010702734_263520140808_222500041400028408_700.xml зашифрован.
[13.08.2014 17:18:56] SFC010702734_263520140808_222500041400028409_700.xml зашифрован.
[13.08.2014 17:18:56] SFC010702734_263520140808_222500041400028410_700.xml зашифрован.
[13.08.2014 17:18:56] ==== Конец шифрования файлов ====================
[13.08.2014 17:18:56] Всего обработанных файлов:	3
[13.08.2014 17:19:36] ==== Начало шифрования файлов ====================
[13.08.2014 17:19:36] SFC010702734_263520140808_222500041400028408_700.xml зашифрован.
[13.08.2014 17:19:36] SFC010702734_263520140808_222500041400028409_700.xml зашифрован.
[13.08.2014 17:19:36] SFC010702734_263520140808_222500041400028410_700.xml зашифрован.
[13.08.2014 17:19:36] ==== Конец шифрования файлов ====================
[13.08.2014 17:19:36] Всего обработанных файлов:	3
[13.08.2014 17:24:03] ==== Начало шифрования файлов ====================
[13.08.2014 17:24:03] SFC010702734_263520140808_222500041400028406_700.xml зашифрован.
[13.08.2014 17:24:03] SFC010702734_263520140808_222500041400028407_700.xml зашифрован.
[13.08.2014 17:24:03] SFC010702734_263520140808_222500041400028408_700.xml зашифрован.
[13.08.2014 17:24:03] ==== Конец шифрования файлов ====================
[13.08.2014 17:24:03] Всего обработанных файлов:	3
[13.08.2014 17:25:25] ==== Начало шифрования файлов ====================
[13.08.2014 17:25:25] SFC010702734_263520140808_222500041400028406_700.xml зашифрован.
[13.08.2014 17:25:25] SFC010702734_263520140808_222500041400028407_700.xml зашифрован.
[13.08.2014 17:25:25] SFC010702734_263520140808_222500041400028408_700.xml зашифрован.
[13.08.2014 17:25:25] ==== Конец шифрования файлов ====================
[13.08.2014 17:25:25] Всего обработанных файлов:	3
[13.08.2014 17:25:31] ==== Начало шифрования файлов ====================
[13.08.2014 17:25:31] SBC210702734_263520140808_222500041400028048_200.xml зашифрован.
[13.08.2014 17:25:31] SFC010702734_263520140808_222500041400028409_700.xml зашифрован.
[13.08.2014 17:25:31] SFC010702734_263520140808_222500041400028410_700.xml зашифрован.
[13.08.2014 17:25:31] ==== Конец шифрования файлов ====================
[13.08.2014 17:25:31] Всего обработанных файлов:	3
