[13.08.2014 12:53:57] ==== Начало подписи файлов ====================
[13.08.2014 12:53:57] SBC210702734_263520140808_222500041400028048_200.xml подписан.
[13.08.2014 12:53:57] ==== Конец подписи файлов ====================
[13.08.2014 12:53:57] Всего обработанных файлов:	1
[13.08.2014 12:54:04] ==== Начало подписи файлов ====================
[13.08.2014 12:54:05] SFC010702734_263520140808_222500041400028408_700.xml подписан.
[13.08.2014 12:54:05] SFC010702734_263520140808_222500041400028409_700.xml подписан.
[13.08.2014 12:54:05] SFC010702734_263520140808_222500041400028410_700.xml подписан.
[13.08.2014 12:54:05] ==== Конец подписи файлов ====================
[13.08.2014 12:54:05] Всего обработанных файлов:	3
[13.08.2014 17:18:49] ==== Начало подписи файлов ====================
[13.08.2014 17:18:49] SBC210702734_263520140808_222500041400028048_200.xml подписан.
[13.08.2014 17:18:49] ==== Конец подписи файлов ====================
[13.08.2014 17:18:49] Всего обработанных файлов:	1
[13.08.2014 17:18:56] ==== Начало подписи файлов ====================
[13.08.2014 17:18:56] SFC010702734_263520140808_222500041400028408_700.xml подписан.
[13.08.2014 17:18:56] SFC010702734_263520140808_222500041400028409_700.xml подписан.
[13.08.2014 17:18:56] SFC010702734_263520140808_222500041400028410_700.xml подписан.
[13.08.2014 17:18:56] ==== Конец подписи файлов ====================
[13.08.2014 17:18:56] Всего обработанных файлов:	3
[13.08.2014 17:19:35] ==== Начало подписи файлов ====================
[13.08.2014 17:19:35] SFC010702734_263520140808_222500041400028408_700.xml подписан.
[13.08.2014 17:19:36] SFC010702734_263520140808_222500041400028409_700.xml подписан.
[13.08.2014 17:19:36] SFC010702734_263520140808_222500041400028410_700.xml подписан.
[13.08.2014 17:19:36] ==== Конец подписи файлов ====================
[13.08.2014 17:19:36] Всего обработанных файлов:	3
[13.08.2014 17:24:02] ==== Начало подписи файлов ====================
[13.08.2014 17:24:02] SFC010702734_263520140808_222500041400028406_700.xml подписан.
[13.08.2014 17:24:03] SFC010702734_263520140808_222500041400028407_700.xml подписан.
[13.08.2014 17:24:03] SFC010702734_263520140808_222500041400028408_700.xml подписан.
[13.08.2014 17:24:03] ==== Конец подписи файлов ====================
[13.08.2014 17:24:03] Всего обработанных файлов:	3
[13.08.2014 17:25:25] ==== Начало подписи файлов ====================
[13.08.2014 17:25:25] SFC010702734_263520140808_222500041400028406_700.xml подписан.
[13.08.2014 17:25:25] SFC010702734_263520140808_222500041400028407_700.xml подписан.
[13.08.2014 17:25:25] SFC010702734_263520140808_222500041400028408_700.xml подписан.
[13.08.2014 17:25:25] ==== Конец подписи файлов ====================
[13.08.2014 17:25:25] Всего обработанных файлов:	3
[13.08.2014 17:25:31] ==== Начало подписи файлов ====================
[13.08.2014 17:25:31] SBC210702734_263520140808_222500041400028048_200.xml подписан.
[13.08.2014 17:25:31] SFC010702734_263520140808_222500041400028409_700.xml подписан.
[13.08.2014 17:25:31] SFC010702734_263520140808_222500041400028410_700.xml подписан.
[13.08.2014 17:25:31] ==== Конец подписи файлов ====================
[13.08.2014 17:25:31] Всего обработанных файлов:	3
[15.08.2014 09:13:46] ==== Начало подписи файлов ====================
[15.08.2014 09:13:47] SFC010702734_263520140808_222500041400028406_700.xml подписан.
[15.08.2014 09:13:47] SFC010702734_263520140808_222500041400028407_700.xml подписан.
[15.08.2014 09:13:47] SFC010702734_263520140808_222500041400028408_700.xml подписан.
[15.08.2014 09:13:47] ==== Конец подписи файлов ====================
[15.08.2014 09:13:47] Всего обработанных файлов:	3
