[08.08.2014 13:00:06] ====???======================================
[08.08.2014 13:00:10] Не удалось создать архив Для использования переменных среды для свойства UseShellExecute объекта Process должно быть задано значение 'false'.
[08.08.2014 13:00:10] ====???======================================
[08.08.2014 13:22:13] ====???======================================
[08.08.2014 13:22:13] Архив не создан AN027341408080007.arj
[08.08.2014 13:22:14] ====???======================================
[08.08.2014 13:31:48] ====???======================================
[08.08.2014 13:31:49] Архив не создан BN027341408080005.arj
[08.08.2014 13:31:50] ====???======================================
[08.08.2014 13:32:44] ====???======================================
[08.08.2014 13:32:52] Не удалось создать архив Неверно задано имя папки
[08.08.2014 13:32:54] ====???======================================
[08.08.2014 13:33:43] ====???======================================
[08.08.2014 13:33:43] Не удалось создать архив Неверно задано имя папки
[08.08.2014 13:33:43] ====???======================================
[08.08.2014 13:34:24] ====???======================================
[08.08.2014 13:34:24] Не удалось создать архив Неверно задано имя папки
[08.08.2014 13:34:24] ====???======================================
[08.08.2014 13:34:52] ====???======================================
[08.08.2014 13:34:52] Не удалось создать архив Неверно задано имя папки
[08.08.2014 13:34:52] ====???======================================
[08.08.2014 13:35:26] ====???======================================
[08.08.2014 13:35:26] Не удалось создать архив Неверно задано имя папки
[08.08.2014 13:35:26] ====???======================================
[08.08.2014 13:35:40] ====???======================================
[08.08.2014 13:35:40] Не удалось создать архив Неверно задано имя папки
[08.08.2014 13:35:40] ====???======================================
[08.08.2014 13:37:06] ====???======================================
[08.08.2014 13:37:06] Не удалось создать архив Неверно задано имя папки
[08.08.2014 13:37:06] ====???======================================
[08.08.2014 13:38:50] ====???======================================
[08.08.2014 13:38:50] Архив не создан BN027341408080013.arj
[08.08.2014 13:38:50] ====???======================================
[08.08.2014 13:40:30] ====???======================================
[08.08.2014 13:40:30] Архив не создан BN027341408080014.arj
[08.08.2014 13:40:30] ====???======================================
[08.08.2014 13:51:18] ====???======================================
[08.08.2014 13:51:18] Архив не создан BN027341408080015.arj
[08.08.2014 13:51:18] ====???======================================
[08.08.2014 13:51:59] ====???======================================
[08.08.2014 13:51:59] Архив не создан BN027341408080016.arj
[08.08.2014 13:51:59] ====???======================================
[08.08.2014 13:52:21] ====???======================================
[08.08.2014 13:52:21] Архив не создан BN027341408080017.arj
[08.08.2014 13:52:21] ====???======================================
