[13.08.2014 17:24:02] ===Копирование файлов ====================
[13.08.2014 17:24:02] SFC010702734_263520140808_222500041400028406_700.XML скопирован в архив.
[13.08.2014 17:24:02] SFC010702734_263520140808_222500041400028407_700.XML скопирован в архив.
[13.08.2014 17:24:02] SFC010702734_263520140808_222500041400028408_700.XML скопирован в архив.
[13.08.2014 17:24:02] ==== Копирование завершено ====================
[13.08.2014 17:24:02] Всего обработанных файлов:	3
[13.08.2014 17:25:25] ===Копирование файлов ====================
[13.08.2014 17:25:25] SFC010702734_263520140808_222500041400028406_700.XML скопирован в архив.
[13.08.2014 17:25:25] SFC010702734_263520140808_222500041400028407_700.XML скопирован в архив.
[13.08.2014 17:25:25] SFC010702734_263520140808_222500041400028408_700.XML скопирован в архив.
[13.08.2014 17:25:25] ==== Копирование завершено ====================
[13.08.2014 17:25:25] Всего обработанных файлов:	3
[13.08.2014 17:25:31] ===Копирование файлов ====================
[13.08.2014 17:25:31] SBC210702734_263520140808_222500041400028048_200.XML скопирован в архив.
[13.08.2014 17:25:31] SFC010702734_263520140808_222500041400028409_700.XML скопирован в архив.
[13.08.2014 17:25:31] SFC010702734_263520140808_222500041400028410_700.XML скопирован в архив.
[13.08.2014 17:25:31] ==== Копирование завершено ====================
[13.08.2014 17:25:31] Всего обработанных файлов:	3
[15.08.2014 09:13:46] ===Копирование файлов ====================
[15.08.2014 09:13:46] SFC010702734_263520140808_222500041400028406_700.XML скопирован в архив.
[15.08.2014 09:13:46] SFC010702734_263520140808_222500041400028407_700.XML скопирован в архив.
[15.08.2014 09:13:46] SFC010702734_263520140808_222500041400028408_700.XML скопирован в архив.
[15.08.2014 09:13:46] ==== Копирование завершено ====================
[15.08.2014 09:13:46] Всего обработанных файлов:	3
[15.08.2014 15:28:47] ===Копирование файлов ====================
[15.08.2014 15:28:47] PS14030004_2225_0004_2_1_2225_0004.XML скопирован в архив.
[15.08.2014 15:28:47] PS14030003_2225_0004_2_1_2225_0004.XML скопирован в архив.
[15.08.2014 15:28:47] PS14030002_2225_0004_2_1_2225_0004.XML скопирован в архив.
[15.08.2014 15:28:47] PS13120002_2225_0004_2_1_2225_0004.XML скопирован в архив.
[15.08.2014 15:28:47] PS13090001_2225_0004_2_1_2225_0004.XML скопирован в архив.
[15.08.2014 15:28:47] ==== Копирование завершено ====================
[15.08.2014 15:28:47] Всего обработанных файлов:	5
[15.08.2014 15:28:50] ===Копирование файлов ====================
[15.08.2014 15:28:50] PS14030004_2225_0004_2_1_2225_0004.XML cкопирован в архив.
[15.08.2014 15:28:50] PS14030003_2225_0004_2_1_2225_0004.XML cкопирован в архив.
[15.08.2014 15:28:50] PS14030002_2225_0004_2_1_2225_0004.XML cкопирован в архив.
[15.08.2014 15:28:50] PS13120002_2225_0004_2_1_2225_0004.XML cкопирован в архив.
[15.08.2014 15:28:50] PS13090001_2225_0004_2_1_2225_0004.XML cкопирован в архив.
[15.08.2014 15:28:50] ==== Копирование завершено ====================
[15.08.2014 15:28:50] Всего обработанных файлов:	5
[15.08.2014 15:34:18] ===Копирование файлов ====================
[15.08.2014 15:34:18] PS14030004_2225_0004_2_1_2225_0004.XML скопирован в архив.
[15.08.2014 15:34:18] PS14030003_2225_0004_2_1_2225_0004.XML скопирован в архив.
[15.08.2014 15:34:18] PS14030002_2225_0004_2_1_2225_0004.XML скопирован в архив.
[15.08.2014 15:34:18] PS13120002_2225_0004_2_1_2225_0004.XML скопирован в архив.
[15.08.2014 15:34:18] PS13090001_2225_0004_2_1_2225_0004.XML скопирован в архив.
[15.08.2014 15:34:18] ==== Копирование завершено ====================
[15.08.2014 15:34:18] Всего обработанных файлов:	5
[15.08.2014 15:34:50] ===Копирование файлов ====================
[15.08.2014 15:34:51] PS14030004_2225_0004_2_1_2225_0004.XML cкопирован в архив.
[15.08.2014 15:34:51] PS14030003_2225_0004_2_1_2225_0004.XML cкопирован в архив.
[15.08.2014 15:34:51] PS14030002_2225_0004_2_1_2225_0004.XML cкопирован в архив.
[15.08.2014 15:34:51] PS13120002_2225_0004_2_1_2225_0004.XML cкопирован в архив.
[15.08.2014 15:34:51] PS13090001_2225_0004_2_1_2225_0004.XML cкопирован в архив.
[15.08.2014 15:34:51] ==== Копирование завершено ====================
[15.08.2014 15:34:51] Всего обработанных файлов:	5
[15.08.2014 15:36:51] ===Копирование файлов ====================
[15.08.2014 15:36:51] PS14030004_2225_0004_2_1_2225_0004.XML скопирован в архив.
[15.08.2014 15:36:51] PS14030003_2225_0004_2_1_2225_0004.XML скопирован в архив.
[15.08.2014 15:36:51] PS14030002_2225_0004_2_1_2225_0004.XML скопирован в архив.
[15.08.2014 15:36:51] PS13120002_2225_0004_2_1_2225_0004.XML скопирован в архив.
[15.08.2014 15:36:51] PS13090001_2225_0004_2_1_2225_0004.XML скопирован в архив.
[15.08.2014 15:36:51] ==== Копирование завершено ====================
[15.08.2014 15:36:52] Всего обработанных файлов:	5
[15.08.2014 15:37:09] ====|||======================================
[15.08.2014 15:37:09] PSEI_2225_0004_20140616_001.arj скопирован в C:\PTK PSD\Post\temp
[15.08.2014 15:37:09] ====|||======================================
